[0320/183646.366:INFO:CONSOLE:4] "recaptchacompat disabled", source: https://hcaptcha.com/1/api.js?recaptchacompat=off&hl=pt-BR (4)
[0320/183647.633:ERROR:content\public\browser\web_contents_delegate.cc:302] WebContentsDelegate::CheckMediaAccessPermission: Not supported.
[0320/183647.633:ERROR:content\public\browser\web_contents_delegate.cc:302] WebContentsDelegate::CheckMediaAccessPermission: Not supported.
[0320/183647.948:INFO:CONSOLE:0] "[.WebGL-0x43ac00ed1400]GL Driver Message (OpenGL, Performance, GL_CLOSE_PATH_NV, High): GPU stall due to ReadPixels", source: https://newassets.hcaptcha.com/captcha/v1/6ae4a3c801c9d99b7e0b591e01eb3ddc17b34400/static/hcaptcha.html#frame=challenge&id=0cqpn1fq0tv4&host=www8.receita.fazenda.gov.br&sentry=true&reportapi=https%3A%2F%2Faccounts.hcaptcha.com&recaptchacompat=off&custom=false&hl=pt-BR&tplinks=on&andint=off&pstissuer=https%3A%2F%2Fpst-issuer.hcaptcha.com&sitekey=2c0f2c5b-d8b9-469a-98ec-56271c2f68e4&size=invisible&theme=light&origin=https%3A%2F%2Fwww8.receita.fazenda.gov.br (0)
[0320/183845.586:INFO:CONSOLE:4] "recaptchacompat disabled", source: https://hcaptcha.com/1/api.js?recaptchacompat=off&hl=pt-BR (4)
[0320/183846.003:ERROR:content\public\browser\web_contents_delegate.cc:302] WebContentsDelegate::CheckMediaAccessPermission: Not supported.
[0320/183846.003:ERROR:content\public\browser\web_contents_delegate.cc:302] WebContentsDelegate::CheckMediaAccessPermission: Not supported.
[0320/183846.277:INFO:CONSOLE:0] "[.WebGL-0x633c01637f00]GL Driver Message (OpenGL, Performance, GL_CLOSE_PATH_NV, High): GPU stall due to ReadPixels", source: https://newassets.hcaptcha.com/captcha/v1/6ae4a3c801c9d99b7e0b591e01eb3ddc17b34400/static/hcaptcha.html#frame=challenge&id=04g86koct11g&host=www8.receita.fazenda.gov.br&sentry=true&reportapi=https%3A%2F%2Faccounts.hcaptcha.com&recaptchacompat=off&custom=false&hl=pt-BR&tplinks=on&andint=off&pstissuer=https%3A%2F%2Fpst-issuer.hcaptcha.com&sitekey=2c0f2c5b-d8b9-469a-98ec-56271c2f68e4&size=invisible&theme=light&origin=https%3A%2F%2Fwww8.receita.fazenda.gov.br (0)
[0320/184126.184:INFO:CONSOLE:4] "recaptchacompat disabled", source: https://hcaptcha.com/1/api.js?recaptchacompat=off&hl=pt-BR (4)
[0320/184126.726:ERROR:content\public\browser\web_contents_delegate.cc:302] WebContentsDelegate::CheckMediaAccessPermission: Not supported.
[0320/184126.726:ERROR:content\public\browser\web_contents_delegate.cc:302] WebContentsDelegate::CheckMediaAccessPermission: Not supported.
[0320/184127.002:INFO:CONSOLE:0] "[.WebGL-0x12c400704000]GL Driver Message (OpenGL, Performance, GL_CLOSE_PATH_NV, High): GPU stall due to ReadPixels", source: https://newassets.hcaptcha.com/captcha/v1/6ae4a3c801c9d99b7e0b591e01eb3ddc17b34400/static/hcaptcha.html#frame=challenge&id=0pkvjfjjy9hc&host=www8.receita.fazenda.gov.br&sentry=true&reportapi=https%3A%2F%2Faccounts.hcaptcha.com&recaptchacompat=off&custom=false&hl=pt-BR&tplinks=on&andint=off&pstissuer=https%3A%2F%2Fpst-issuer.hcaptcha.com&sitekey=2c0f2c5b-d8b9-469a-98ec-56271c2f68e4&size=invisible&theme=light&origin=https%3A%2F%2Fwww8.receita.fazenda.gov.br (0)
[0320/184401.227:ERROR:net\disk_cache\cache_util_win.cc:25] Unable to move the cache: Acesso negado. (0x5)
[0320/184401.227:ERROR:net\disk_cache\cache_util_win.cc:25] Unable to move the cache: Acesso negado. (0x5)
[0320/184401.227:ERROR:net\disk_cache\cache_util_win.cc:25] Unable to move the cache: Acesso negado. (0x5)
[0320/184401.228:ERROR:net\disk_cache\disk_cache.cc:272] Unable to create cache
[0320/184401.228:ERROR:gpu\ipc\host\gpu_disk_cache.cc:725] Gpu Cache Creation failed: -2
[0320/184401.228:ERROR:net\disk_cache\disk_cache.cc:272] Unable to create cache
[0320/184401.228:ERROR:gpu\ipc\host\gpu_disk_cache.cc:725] Gpu Cache Creation failed: -2
[0320/184401.228:ERROR:net\disk_cache\disk_cache.cc:272] Unable to create cache
[0320/184401.228:ERROR:gpu\ipc\host\gpu_disk_cache.cc:725] Gpu Cache Creation failed: -2
[0320/184401.291:WARNING:content\browser\btm\btm_database.cc:128] Failed to initialize the DIPS SQLite database.
[0320/184403.256:WARNING:components\leveldb_proto\internal\leveldb_database.cc:124] Unable to open C:\Users\Jhonatan\mvp-automacao-fiscal\session-das\Default\shared_proto_db\metadata: IO error: C:\Users\Jhonatan\mvp-automacao-fiscal\session-das\Default\shared_proto_db\metadata/LOCK: Access denied. (ChromeMethodBFE: 15::LockFile::5)
[0320/184405.271:WARNING:components\leveldb_proto\internal\leveldb_database.cc:124] Unable to open C:\Users\Jhonatan\mvp-automacao-fiscal\session-das\Default\shared_proto_db\metadata: IO error: C:\Users\Jhonatan\mvp-automacao-fiscal\session-das\Default\shared_proto_db\metadata/LOCK: Access denied. (ChromeMethodBFE: 15::LockFile::5)
[0320/184407.284:WARNING:components\leveldb_proto\internal\leveldb_database.cc:124] Unable to open C:\Users\Jhonatan\mvp-automacao-fiscal\session-das\Default\shared_proto_db\metadata: IO error: C:\Users\Jhonatan\mvp-automacao-fiscal\session-das\Default\shared_proto_db\metadata/LOCK: Access denied. (ChromeMethodBFE: 15::LockFile::5)
[0320/184409.301:WARNING:components\leveldb_proto\internal\leveldb_database.cc:124] Unable to open C:\Users\Jhonatan\mvp-automacao-fiscal\session-das\Default\shared_proto_db\metadata: IO error: C:\Users\Jhonatan\mvp-automacao-fiscal\session-das\Default\shared_proto_db\metadata/LOCK: Access denied. (ChromeMethodBFE: 15::LockFile::5)
[0320/184409.503:INFO:CONSOLE:4] "recaptchacompat disabled", source: https://hcaptcha.com/1/api.js?recaptchacompat=off&hl=pt-BR (4)
[0320/184410.828:ERROR:content\public\browser\web_contents_delegate.cc:302] WebContentsDelegate::CheckMediaAccessPermission: Not supported.
[0320/184410.829:ERROR:content\public\browser\web_contents_delegate.cc:302] WebContentsDelegate::CheckMediaAccessPermission: Not supported.
[0320/184410.851:ERROR:storage\browser\quota\quota_database.cc:988] Could not open the quota database, resetting.
[0320/184411.143:INFO:CONSOLE:0] "[.WebGL-0x140400c91500]GL Driver Message (OpenGL, Performance, GL_CLOSE_PATH_NV, High): GPU stall due to ReadPixels", source: https://newassets.hcaptcha.com/captcha/v1/6ae4a3c801c9d99b7e0b591e01eb3ddc17b34400/static/hcaptcha.html#frame=challenge&id=09zfro9imst5&host=www8.receita.fazenda.gov.br&sentry=true&reportapi=https%3A%2F%2Faccounts.hcaptcha.com&recaptchacompat=off&custom=false&hl=pt-BR&tplinks=on&andint=off&pstissuer=https%3A%2F%2Fpst-issuer.hcaptcha.com&sitekey=2c0f2c5b-d8b9-469a-98ec-56271c2f68e4&size=invisible&theme=light&origin=https%3A%2F%2Fwww8.receita.fazenda.gov.br (0)
[0320/184413.810:ERROR:storage\browser\quota\quota_database.cc:988] Could not open the quota database, resetting.
[0320/184416.737:ERROR:storage\browser\quota\quota_database.cc:993] Failed to reset the quota database.
[0320/184416.737:ERROR:storage\browser\quota\quota_database.cc:993] Failed to reset the quota database.
[0320/184731.812:INFO:CONSOLE:4] "recaptchacompat disabled", source: https://hcaptcha.com/1/api.js?recaptchacompat=off&hl=pt-BR (4)
[0320/184733.087:ERROR:content\public\browser\web_contents_delegate.cc:302] WebContentsDelegate::CheckMediaAccessPermission: Not supported.
[0320/184733.087:ERROR:content\public\browser\web_contents_delegate.cc:302] WebContentsDelegate::CheckMediaAccessPermission: Not supported.
[0320/184733.357:INFO:CONSOLE:0] "[.WebGL-0x1c0400bb5500]GL Driver Message (OpenGL, Performance, GL_CLOSE_PATH_NV, High): GPU stall due to ReadPixels", source: https://newassets.hcaptcha.com/captcha/v1/6ae4a3c801c9d99b7e0b591e01eb3ddc17b34400/static/hcaptcha.html#frame=challenge&id=0cjsp56fblts&host=www8.receita.fazenda.gov.br&sentry=true&reportapi=https%3A%2F%2Faccounts.hcaptcha.com&recaptchacompat=off&custom=false&hl=pt-BR&tplinks=on&andint=off&pstissuer=https%3A%2F%2Fpst-issuer.hcaptcha.com&sitekey=2c0f2c5b-d8b9-469a-98ec-56271c2f68e4&size=invisible&theme=light&origin=https%3A%2F%2Fwww8.receita.fazenda.gov.br (0)
[0320/184750.599:INFO:CONSOLE:4] "recaptchacompat disabled", source: https://hcaptcha.com/1/api.js?recaptchacompat=off&hl=pt-BR (4)
[0320/184751.402:ERROR:content\public\browser\web_contents_delegate.cc:302] WebContentsDelegate::CheckMediaAccessPermission: Not supported.
[0320/184751.402:ERROR:content\public\browser\web_contents_delegate.cc:302] WebContentsDelegate::CheckMediaAccessPermission: Not supported.
[0320/184751.663:INFO:CONSOLE:0] "[.WebGL-0x6514006bf100]GL Driver Message (OpenGL, Performance, GL_CLOSE_PATH_NV, High): GPU stall due to ReadPixels", source: https://newassets.hcaptcha.com/captcha/v1/6ae4a3c801c9d99b7e0b591e01eb3ddc17b34400/static/hcaptcha.html#frame=challenge&id=0elo8zx4gfsf&host=www8.receita.fazenda.gov.br&sentry=true&reportapi=https%3A%2F%2Faccounts.hcaptcha.com&recaptchacompat=off&custom=false&hl=pt-BR&tplinks=on&andint=off&pstissuer=https%3A%2F%2Fpst-issuer.hcaptcha.com&sitekey=2c0f2c5b-d8b9-469a-98ec-56271c2f68e4&size=invisible&theme=light&origin=https%3A%2F%2Fwww8.receita.fazenda.gov.br (0)
[0320/184809.085:INFO:CONSOLE:4] "recaptchacompat disabled", source: https://hcaptcha.com/1/api.js?recaptchacompat=off&hl=pt-BR (4)
[0320/184809.794:ERROR:content\public\browser\web_contents_delegate.cc:302] WebContentsDelegate::CheckMediaAccessPermission: Not supported.
[0320/184809.794:ERROR:content\public\browser\web_contents_delegate.cc:302] WebContentsDelegate::CheckMediaAccessPermission: Not supported.
[0320/184810.055:INFO:CONSOLE:0] "[.WebGL-0xc1c02d65400]GL Driver Message (OpenGL, Performance, GL_CLOSE_PATH_NV, High): GPU stall due to ReadPixels (this message will no longer repeat)", source: https://newassets.hcaptcha.com/captcha/v1/6ae4a3c801c9d99b7e0b591e01eb3ddc17b34400/static/hcaptcha.html#frame=challenge&id=0wntmrt2k86f&host=www8.receita.fazenda.gov.br&sentry=true&reportapi=https%3A%2F%2Faccounts.hcaptcha.com&recaptchacompat=off&custom=false&hl=pt-BR&tplinks=on&andint=off&pstissuer=https%3A%2F%2Fpst-issuer.hcaptcha.com&sitekey=2c0f2c5b-d8b9-469a-98ec-56271c2f68e4&size=invisible&theme=light&origin=https%3A%2F%2Fwww8.receita.fazenda.gov.br (0)
[0320/185558.077:WARNING:content\browser\renderer_host\media\service_video_capture_provider.cc:111] Detected crash of video capture service
[0320/185613.131:ERROR:content\browser\network_service_instance_impl.cc:610] Network service crashed or was terminated, restarting service.
[0320/185618.151:ERROR:content\browser\gpu\gpu_process_host.cc:996] GPU process exited unexpectedly: exit_code=-1073741510
[0320/185618.151:WARNING:content\browser\gpu\gpu_process_host.cc:1438] The GPU process has crashed 1 time(s)
[0320/185623.186:WARNING:content\browser\renderer_host\media\service_video_capture_provider.cc:111] Detected crash of video capture service
[0320/185638.213:ERROR:content\browser\network_service_instance_impl.cc:610] Network service crashed or was terminated, restarting service.
[0320/185643.232:ERROR:content\browser\gpu\gpu_process_host.cc:996] GPU process exited unexpectedly: exit_code=-1073741510
[0320/185643.232:WARNING:content\browser\gpu\gpu_process_host.cc:1438] The GPU process has crashed 1 time(s)
